yarn run v1.22.19
$ storybook build --output-dir /var/folders/rn/qc__tfs10db68gbx13jckxyc0000gn/T/chromatic--76752-qCtq7EMgRRiA
@storybook/cli v7.4.5

info => Cleaning outputDir: /var/folders/rn/qc__tfs10db68gbx13jckxyc0000gn/T/chromatic--76752-qCtq7EMgRRiA
info => Loading presets
info => Building manager..
info => Manager built (95 ms)
info => Copying static files: /Users/se-een/Documents/VSCode/woowacourse/layout-component/node_modules/@storybook/manager/static at /var/folders/rn/qc__tfs10db68gbx13jckxyc0000gn/T/chromatic--76752-qCtq7EMgRRiA/sb-common-assets
WARN No story files found for the specified pattern: src/**/*.mdx

[vite:dts] You are building a library that may not need to generate declaration files.

vite v4.4.9 building for production...
src/stories/Tabs.stories.tsx(5,7): error TS2742: The inferred type of 'meta' cannot be named without a reference to '../../node_modules/@storybook/react/dist/types-0a347bb9'. This is likely not portable. A type annotation is necessary.
src/stories/Tabs.stories.tsx(5,7): error TS4023: Exported variable 'meta' has or is using name 'Props' from external module "/Users/se-een/Documents/VSCode/woowacourse/layout-component/src/lib/Swiper/index" but cannot be named.


./sb-common-assets/fonts.css doesn't exist at build time, it will remain unchanged to be resolved at runtime
transforming...
node_modules/telejson/dist/index.mjs (1413:15) Use of eval in "node_modules/telejson/dist/index.mjs" is strongly discouraged as it poses security risks and may cause issues with minification.
node_modules/telejson/dist/index.mjs (1416:18) Use of eval in "node_modules/telejson/dist/index.mjs" is strongly discouraged as it poses security risks and may cause issues with minification.
✓ 589 modules transformed.
rendering chunks...

[vite:dts] Start generate declaration files...
computing gzip size...
[vite:dts] Declaration files built in 1901ms.

../../../../../../var/folders/rn/qc__tfs10db68gbx13jckxyc0000gn/T/chromatic--76752-qCtq7EMgRRiA/iframe.html                                          12.71 kB │ gzip:   3.57 kB
../../../../../../var/folders/rn/qc__tfs10db68gbx13jckxyc0000gn/T/chromatic--76752-qCtq7EMgRRiA/assets/preview-1e5c59db.js                            0.19 kB │ gzip:   0.19 kB │ map:     0.63 kB
../../../../../../var/folders/rn/qc__tfs10db68gbx13jckxyc0000gn/T/chromatic--76752-qCtq7EMgRRiA/assets/WithTooltip-J57HCPYA-59957204.js               0.42 kB │ gzip:   0.27 kB │ map:     0.11 kB
../../../../../../var/folders/rn/qc__tfs10db68gbx13jckxyc0000gn/T/chromatic--76752-qCtq7EMgRRiA/assets/syntaxhighlighter-PONEFOSF-de61ea22.js         0.44 kB │ gzip:   0.30 kB │ map:     0.12 kB
../../../../../../var/folders/rn/qc__tfs10db68gbx13jckxyc0000gn/T/chromatic--76752-qCtq7EMgRRiA/assets/preview-79d44b79.js                            0.49 kB │ gzip:   0.32 kB │ map:     0.56 kB
../../../../../../var/folders/rn/qc__tfs10db68gbx13jckxyc0000gn/T/chromatic--76752-qCtq7EMgRRiA/assets/index-3fd0d1ea.js                              0.62 kB │ gzip:   0.38 kB │ map:     4.30 kB
../../../../../../var/folders/rn/qc__tfs10db68gbx13jckxyc0000gn/T/chromatic--76752-qCtq7EMgRRiA/assets/preview-87eac49b.js                            0.68 kB │ gzip:   0.48 kB │ map:     3.98 kB
../../../../../../var/folders/rn/qc__tfs10db68gbx13jckxyc0000gn/T/chromatic--76752-qCtq7EMgRRiA/assets/_commonjsHelpers-de833af9.js                   0.75 kB │ gzip:   0.43 kB │ map:     0.11 kB
../../../../../../var/folders/rn/qc__tfs10db68gbx13jckxyc0000gn/T/chromatic--76752-qCtq7EMgRRiA/assets/index-356e4a49.js                              0.81 kB │ gzip:   0.51 kB │ map:     3.28 kB
../../../../../../var/folders/rn/qc__tfs10db68gbx13jckxyc0000gn/T/chromatic--76752-qCtq7EMgRRiA/assets/preview-b3c37142.js                            0.90 kB │ gzip:   0.59 kB │ map:     3.02 kB
../../../../../../var/folders/rn/qc__tfs10db68gbx13jckxyc0000gn/T/chromatic--76752-qCtq7EMgRRiA/assets/preview-bed967c6.js                            2.38 kB │ gzip:   1.24 kB │ map:    11.14 kB
../../../../../../var/folders/rn/qc__tfs10db68gbx13jckxyc0000gn/T/chromatic--76752-qCtq7EMgRRiA/assets/index-d37d4223.js                              2.63 kB │ gzip:   1.30 kB │ map:     7.50 kB
../../../../../../var/folders/rn/qc__tfs10db68gbx13jckxyc0000gn/T/chromatic--76752-qCtq7EMgRRiA/assets/preview-15309724.js                            3.22 kB │ gzip:   1.39 kB │ map:    10.29 kB
../../../../../../var/folders/rn/qc__tfs10db68gbx13jckxyc0000gn/T/chromatic--76752-qCtq7EMgRRiA/assets/iframe-5b63d483.js                             3.64 kB │ gzip:   1.53 kB │ map:     4.87 kB
../../../../../../var/folders/rn/qc__tfs10db68gbx13jckxyc0000gn/T/chromatic--76752-qCtq7EMgRRiA/assets/index-76fb7be0.js                              7.21 kB │ gzip:   2.95 kB │ map:    15.76 kB
../../../../../../var/folders/rn/qc__tfs10db68gbx13jckxyc0000gn/T/chromatic--76752-qCtq7EMgRRiA/assets/preview-b8d6c68d.js                            7.67 kB │ gzip:   1.59 kB │ map:    14.27 kB
../../../../../../var/folders/rn/qc__tfs10db68gbx13jckxyc0000gn/T/chromatic--76752-qCtq7EMgRRiA/assets/preview-2059b184.js                            8.32 kB │ gzip:   3.20 kB │ map:    29.50 kB
../../../../../../var/folders/rn/qc__tfs10db68gbx13jckxyc0000gn/T/chromatic--76752-qCtq7EMgRRiA/assets/GlobalScrollAreaStyles-UY5SB7EJ-ac443b06.js   15.02 kB │ gzip:   2.81 kB │ map:    21.44 kB
../../../../../../var/folders/rn/qc__tfs10db68gbx13jckxyc0000gn/T/chromatic--76752-qCtq7EMgRRiA/assets/preview-6751e51d.js                           21.12 kB │ gzip:   7.00 kB │ map:    68.42 kB
../../../../../../var/folders/rn/qc__tfs10db68gbx13jckxyc0000gn/T/chromatic--76752-qCtq7EMgRRiA/assets/OverlayScrollbars-GZGLA7DL-14afcb95.js        28.95 kB │ gzip:  14.20 kB │ map:   108.16 kB
../../../../../../var/folders/rn/qc__tfs10db68gbx13jckxyc0000gn/T/chromatic--76752-qCtq7EMgRRiA/assets/Color-6VNJS4EI-9fd0cddc.js                    31.02 kB │ gzip:  11.66 kB │ map:   112.94 kB
../../../../../../var/folders/rn/qc__tfs10db68gbx13jckxyc0000gn/T/chromatic--76752-qCtq7EMgRRiA/assets/Tabs.stories-10f22a9c.js                      44.83 kB │ gzip:  15.63 kB │ map:   143.90 kB
../../../../../../var/folders/rn/qc__tfs10db68gbx13jckxyc0000gn/T/chromatic--76752-qCtq7EMgRRiA/assets/_getPrototype-ddf2eac9.js                    213.04 kB │ gzip:  66.68 kB │ map:   658.69 kB
../../../../../../var/folders/rn/qc__tfs10db68gbx13jckxyc0000gn/T/chromatic--76752-qCtq7EMgRRiA/assets/config-1eaa3c45.js                           214.16 kB │ gzip:  66.75 kB │ map:   808.00 kB
../../../../../../var/folders/rn/qc__tfs10db68gbx13jckxyc0000gn/T/chromatic--76752-qCtq7EMgRRiA/assets/DocsRenderer-3PUGWF3O-25bc888d.js            517.63 kB │ gzip: 169.60 kB │ map: 1,487.93 kB
../../../../../../var/folders/rn/qc__tfs10db68gbx13jckxyc0000gn/T/chromatic--76752-qCtq7EMgRRiA/assets/formatter-SWP5E3XI-1045c4e5.js               601.62 kB │ gzip: 185.06 kB │ map: 1,318.62 kB

(!) Some chunks are larger than 500 kBs after minification. Consider:
- Using dynamic import() to code-split the application
- Use build.rollupOptions.output.manualChunks to improve chunking: https://rollupjs.org/configuration-options/#output-manualchunks
- Adjust chunk size limit for this warning via build.chunkSizeWarningLimit.
✓ built in 5.93s
info => Output directory: /var/folders/rn/qc__tfs10db68gbx13jckxyc0000gn/T/chromatic--76752-qCtq7EMgRRiA
Done in 9.27s.
